#
# A fatal error has been detected by the Java Runtime Environment:
#
#  EXCEPTION_ACCESS_VIOLATION (0xc0000005) at pc=0x00000000588a8ec0, pid=9964, tid=3688
#
# JRE version: Java(TM) SE Runtime Environment (8.0_20-b26) (build 1.8.0_20-b26)
# Java VM: Java HotSpot(TM) 64-Bit Server VM (25.20-b23 mixed mode windows-amd64 compressed oops)
# Problematic frame:
# V  [jvm.dll+0x198ec0]
#
# Failed to write core dump. Minidumps are not enabled by default on client versions of Windows
#
# If you would like to submit a bug report, please visit:
#   http://bugreport.sun.com/bugreport/crash.jsp
#

---------------  T H R E A D  ---------------

Current thread (0x00000000178cf800):  JavaThread "JDWP Transport Listener: dt_socket" daemon [_thread_in_vm, id=3688, stack(0x0000000018e40000,0x0000000018f40000)]

siginfo: ExceptionCode=0xc0000005, writing address 0x000000033d380150

Registers:
RAX=0x000000001f880588, RBX=0x0000000064646400, RCX=0x00000000178be240, RDX=0x0000000000000001
RSP=0x0000000018f3f2c0, RBP=0x0000000018f3f408, RSI=0x0000000100060608, RDI=0x0000000000000009
R8 =0x00000000178cd860, R9 =0x0000000000000001, R10=0x0000000000000000, R11=0x000000001f880588
R12=0x000000001a14e150, R13=0x0000000018f3f3c0, R14=0x0000000018f3f408, R15=0x0000000000000009
RIP=0x00000000588a8ec0, EFLAGS=0x0000000000010206

Top of Stack: (sp=0x0000000018f3f2c0)
0x0000000018f3f2c0:   0000000064646400 0000000018f3f408
0x0000000018f3f2d0:   0000000100060608 0000000100060608
0x0000000018f3f2e0:   00000000178cf800 0000000017886750
0x0000000018f3f2f0:   00000000178cfeb0 00000000178cfec0
0x0000000018f3f300:   00000000178cff98 00000000000000d8
0x0000000018f3f310:   0000000018f3f6e0 0000000058973d34
0x0000000018f3f320:   0000000000000000 0000000000000000
0x0000000018f3f330:   00000000178c09f8 0000000081343120
0x0000000018f3f340:   00000000178cf800 0000000058a3a2c3
0x0000000018f3f350:   0000000018f3f408 0000000018f3f3c0
0x0000000018f3f360:   00000000028f9e60 00000000586a6c02
0x0000000018f3f370:   00000000178cf800 0000000000000000
0x0000000018f3f380:   0000000000000000 0000000000000000
0x0000000018f3f390:   0000000000000000 000000005869551f
0x0000000018f3f3a0:   0000000018f3f450 0000000000000001
0x0000000018f3f3b0:   0000000019d4dc08 0000000018f3f480 

Instructions: (pc=0x00000000588a8ec0)
0x00000000588a8ea0:   48 8b 8e 80 01 00 00 48 8b 86 a0 01 00 00 48 8b
0x00000000588a8eb0:   4c f9 08 48 63 5c b8 04 e8 53 62 ef ff 48 ff c7
0x00000000588a8ec0:   49 89 04 dc 49 3b ff 7c d7 eb 23 45 85 ff 7e 1e
0x00000000588a8ed0:   48 8b 86 80 01 00 00 48 8b 4c f8 08 e8 2f 62 ef 


Register to memory mapping:

RAX=0x000000001f880588 is an unknown value
RBX=0x0000000064646400 is an unknown value
RCX=0x00000000178be240 is an unknown value
RDX=0x0000000000000001 is an unknown value
RSP=0x0000000018f3f2c0 is pointing into the stack for thread: 0x00000000178cf800
RBP=0x0000000018f3f408 is pointing into the stack for thread: 0x00000000178cf800
RSI=0x0000000100060608 is pointing into metadata
RDI=0x0000000000000009 is an unknown value
R8 =0x00000000178cd860 is an unknown value
R9 =0x0000000000000001 is an unknown value
R10=0x0000000000000000 is an unknown value
R11=0x000000001f880588 is an unknown value
R12=0x000000001a14e150 is an unknown value
R13=0x0000000018f3f3c0 is pointing into the stack for thread: 0x00000000178cf800
R14=0x0000000018f3f408 is pointing into the stack for thread: 0x00000000178cf800
R15=0x0000000000000009 is an unknown value


Stack: [0x0000000018e40000,0x0000000018f40000],  sp=0x0000000018f3f2c0,  free space=1020k
Native frames: (J=compiled Java code, j=interpreted, Vv=VM code, C=native code)
V  [jvm.dll+0x198ec0]
V  [jvm.dll+0x32a2c3]
C  [jdwp.dll+0x551f]
C  [jdwp.dll+0xf09c]
C  [jdwp.dll+0x1f2c9]
C  [jdwp.dll+0x1f49e]
V  [jvm.dll+0x1aaa18]
V  [jvm.dll+0x22aac4]
V  [jvm.dll+0x283f5a]
C  [msvcr100.dll+0x21d9f]
C  [msvcr100.dll+0x21e3b]
C  [KERNEL32.DLL+0x16ad]
C  [ntdll.dll+0x734a5]


---------------  P R O C E S S  ---------------

Java Threads: ( => current thread )
  0x00000000028fe800 JavaThread "DestroyJavaVM" [_thread_blocked, id=10604, stack(0x0000000002950000,0x0000000002a50000)]
  0x000000001a25c000 JavaThread "org.python.google.common.base.internal.Finalizer" daemon [_thread_blocked, id=8956, stack(0x000000001b330000,0x000000001b430000)]
  0x0000000019da2800 JavaThread "TimerQueue" daemon [_thread_blocked, id=2324, stack(0x000000001e650000,0x000000001e750000)]
  0x0000000019d74800 JavaThread "D3D Screen Updater" daemon [_thread_blocked, id=6452, stack(0x000000001d990000,0x000000001da90000)]
  0x0000000019c40000 JavaThread "AWT-EventQueue-0" [_thread_blocked, id=4884, stack(0x000000001d0b0000,0x000000001d1b0000)]
  0x000000001953b800 JavaThread "AWT-Windows" daemon [_thread_in_native, id=4192, stack(0x000000001a530000,0x000000001a630000)]
  0x000000001953a800 JavaThread "AWT-Shutdown" [_thread_blocked, id=7524, stack(0x000000001a430000,0x000000001a530000)]
  0x00000000193fb000 JavaThread "Java2D Disposer" daemon [_thread_blocked, id=6656, stack(0x000000001a330000,0x000000001a430000)]
  0x000000001922c000 JavaThread "Service Thread" daemon [_thread_blocked, id=7976, stack(0x0000000019840000,0x0000000019940000)]
  0x000000001921a000 JavaThread "C1 CompilerThread2" daemon [_thread_blocked, id=5456, stack(0x0000000019740000,0x0000000019840000)]
  0x0000000019209800 JavaThread "C2 CompilerThread1" daemon [_thread_blocked, id=5856, stack(0x0000000019640000,0x0000000019740000)]
  0x00000000191c2000 JavaThread "C2 CompilerThread0" daemon [_thread_blocked, id=10540, stack(0x0000000019540000,0x0000000019640000)]
  0x00000000178e0000 JavaThread "JDWP Command Reader" daemon [_thread_in_native, id=8520, stack(0x0000000019040000,0x0000000019140000)]
  0x00000000178d4000 JavaThread "JDWP Event Helper Thread" daemon [_thread_blocked, id=10768, stack(0x0000000018f40000,0x0000000019040000)]
=>0x00000000178cf800 JavaThread "JDWP Transport Listener: dt_socket" daemon [_thread_in_vm, id=3688, stack(0x0000000018e40000,0x0000000018f40000)]
  0x00000000178c8000 JavaThread "Attach Listener" daemon [_thread_blocked, id=1832, stack(0x0000000018d40000,0x0000000018e40000)]
  0x00000000178c6800 JavaThread "Signal Dispatcher" daemon [_thread_blocked, id=6372, stack(0x0000000018c40000,0x0000000018d40000)]
  0x0000000002d36800 JavaThread "Finalizer" daemon [_thread_blocked, id=6512, stack(0x0000000018b40000,0x0000000018c40000)]
  0x0000000002d2e000 JavaThread "Reference Handler" daemon [_thread_blocked, id=6784, stack(0x0000000018a40000,0x0000000018b40000)]

Other Threads:
  0x0000000017885800 VMThread [stack: 0x0000000018940000,0x0000000018a40000] [id=7376]
  0x0000000019232000 WatcherThread [stack: 0x0000000019940000,0x0000000019a40000] [id=1736]

VM state:not at safepoint (normal execution)

VM Mutex/Monitor currently owned by a thread: None

Heap:
 PSYoungGen      total 181760K, used 8604K [0x00000000d5b80000, 0x00000000e4000000, 0x0000000100000000)
  eden space 175104K, 4% used [0x00000000d5b80000,0x00000000d63b71c0,0x00000000e0680000)
  from space 6656K, 2% used [0x00000000e0680000,0x00000000e06b0000,0x00000000e0d00000)
  to   space 6656K, 0% used [0x00000000e3980000,0x00000000e3980000,0x00000000e4000000)
 ParOldGen       total 63488K, used 7066K [0x0000000081200000, 0x0000000085000000, 0x00000000d5b80000)
  object space 63488K, 11% used [0x0000000081200000,0x00000000818e6ba0,0x0000000085000000)
 Metaspace       used 24263K, capacity 24620K, committed 24832K, reserved 1069056K
  class space    used 4255K, capacity 4351K, committed 4352K, reserved 1048576K

Card table byte_map: [0x0000000012100000,0x0000000012500000] byte_map_base: 0x0000000011cf7000

Marking Bits: (ParMarkBitMap*) 0x0000000058eeb460
 Begin Bits: [0x0000000012bb0000, 0x0000000014b68000)
 End Bits:   [0x0000000014b68000, 0x0000000016b20000)

Polling page: 0x00000000028e0000

CodeCache: size=245760Kb used=8337Kb max_used=8350Kb free=237422Kb
 bounds [0x0000000002d40000, 0x0000000003570000, 0x0000000011d40000]
 total_blobs=2791 nmethods=2231 adapters=481
 compilation: enabled

Compilation events (10 events):
Event: 1003.511 Thread 0x0000000019209800 2234       4       java.util.IdentityHashMap::isEmpty (13 bytes)
Event: 1003.511 Thread 0x00000000191c2000 2235       4       sun.awt.AWTAutoShutdown::isReadyToShutdown (37 bytes)
Event: 1003.512 Thread 0x0000000019209800 nmethod 2234 0x00000000034d2a10 code [0x00000000034d2b40, 0x00000000034d2bb8]
Event: 1003.514 Thread 0x00000000191c2000 nmethod 2235 0x0000000003569610 code [0x0000000003569760, 0x0000000003569858]
Event: 1025.411 Thread 0x0000000019209800 2236   !   4       sun.awt.AWTAutoShutdown::setToolkitBusy (124 bytes)
Event: 1025.435 Thread 0x0000000019209800 nmethod 2236 0x0000000003566f10 code [0x00000000035670a0, 0x0000000003567af8]
Event: 2094.073 Thread 0x00000000191c2000 2237       4       sun.awt.AWTAutoShutdown::notifyToolkitThreadBusy (8 bytes)
Event: 2094.073 Thread 0x00000000191c2000 nmethod 2237 0x00000000034e5f50 code [0x00000000034e60a0, 0x00000000034e6108]
Event: 2094.407 Thread 0x0000000019209800 2238       4       sun.awt.AWTAutoShutdown::notifyToolkitThreadFree (8 bytes)
Event: 2094.408 Thread 0x0000000019209800 nmethod 2238 0x0000000003566cd0 code [0x0000000003566e20, 0x0000000003566e88]

GC Heap History (10 events):
Event: 4.366 GC heap before
{Heap before GC invocations=10 (full 1):
 PSYoungGen      total 112128K, used 105200K [0x00000000d5b80000, 0x00000000dd200000, 0x0000000100000000)
  eden space 104448K, 100% used [0x00000000d5b80000,0x00000000dc180000,0x00000000dc180000)
  from space 7680K, 9% used [0x00000000dc900000,0x00000000dc9bc030,0x00000000dd080000)
  to   space 7680K, 0% used [0x00000000dc180000,0x00000000dc180000,0x00000000dc900000)
 ParOldGen       total 63488K, used 6274K [0x0000000081200000, 0x0000000085000000, 0x00000000d5b80000)
  object space 63488K, 9% used [0x0000000081200000,0x0000000081820b70,0x0000000085000000)
 Metaspace       used 23918K, capacity 24292K, committed 24320K, reserved 1069056K
  class space    used 4232K, capacity 4351K, committed 4352K, reserved 1048576K
Event: 4.371 GC heap after
Heap after GC invocations=10 (full 1):
 PSYoungGen      total 112128K, used 160K [0x00000000d5b80000, 0x00000000df280000, 0x0000000100000000)
  eden space 104448K, 0% used [0x00000000d5b80000,0x00000000d5b80000,0x00000000dc180000)
  from space 7680K, 2% used [0x00000000dc180000,0x00000000dc1a8000,0x00000000dc900000)
  to   space 7168K, 0% used [0x00000000deb80000,0x00000000deb80000,0x00000000df280000)
 ParOldGen       total 63488K, used 6938K [0x0000000081200000, 0x0000000085000000, 0x00000000d5b80000)
  object space 63488K, 10% used [0x0000000081200000,0x00000000818c6b90,0x0000000085000000)
 Metaspace       used 23918K, capacity 24292K, committed 24320K, reserved 1069056K
  class space    used 4232K, capacity 4351K, committed 4352K, reserved 1048576K
}
Event: 4.529 GC heap before
{Heap before GC invocations=11 (full 1):
 PSYoungGen      total 112128K, used 104608K [0x00000000d5b80000, 0x00000000df280000, 0x0000000100000000)
  eden space 104448K, 100% used [0x00000000d5b80000,0x00000000dc180000,0x00000000dc180000)
  from space 7680K, 2% used [0x00000000dc180000,0x00000000dc1a8000,0x00000000dc900000)
  to   space 7168K, 0% used [0x00000000deb80000,0x00000000deb80000,0x00000000df280000)
 ParOldGen       total 63488K, used 6938K [0x0000000081200000, 0x0000000085000000, 0x00000000d5b80000)
  object space 63488K, 10% used [0x0000000081200000,0x00000000818c6b90,0x0000000085000000)
 Metaspace       used 23918K, capacity 24292K, committed 24320K, reserved 1069056K
  class space    used 4232K, capacity 4351K, committed 4352K, reserved 1048576K
Event: 4.531 GC heap after
Heap after GC invocations=11 (full 1):
 PSYoungGen      total 143360K, used 96K [0x00000000d5b80000, 0x00000000df080000, 0x0000000100000000)
  eden space 138240K, 0% used [0x00000000d5b80000,0x00000000d5b80000,0x00000000de280000)
  from space 5120K, 1% used [0x00000000deb80000,0x00000000deb98000,0x00000000df080000)
  to   space 7168K, 0% used [0x00000000de280000,0x00000000de280000,0x00000000de980000)
 ParOldGen       total 63488K, used 7010K [0x0000000081200000, 0x0000000085000000, 0x00000000d5b80000)
  object space 63488K, 11% used [0x0000000081200000,0x00000000818d8ba0,0x0000000085000000)
 Metaspace       used 23918K, capacity 24292K, committed 24320K, reserved 1069056K
  class space    used 4232K, capacity 4351K, committed 4352K, reserved 1048576K
}
Event: 4.855 GC heap before
{Heap before GC invocations=12 (full 1):
 PSYoungGen      total 143360K, used 138336K [0x00000000d5b80000, 0x00000000df080000, 0x0000000100000000)
  eden space 138240K, 100% used [0x00000000d5b80000,0x00000000de280000,0x00000000de280000)
  from space 5120K, 1% used [0x00000000deb80000,0x00000000deb98000,0x00000000df080000)
  to   space 7168K, 0% used [0x00000000de280000,0x00000000de280000,0x00000000de980000)
 ParOldGen       total 63488K, used 7010K [0x0000000081200000, 0x0000000085000000, 0x00000000d5b80000)
  object space 63488K, 11% used [0x0000000081200000,0x00000000818d8ba0,0x0000000085000000)
 Metaspace       used 23933K, capacity 24356K, committed 24576K, reserved 1069056K
  class space    used 4232K, capacity 4351K, committed 4352K, reserved 1048576K
Event: 4.857 GC heap after
Heap after GC invocations=12 (full 1):
 PSYoungGen      total 145408K, used 64K [0x00000000d5b80000, 0x00000000e1800000, 0x0000000100000000)
  eden space 138240K, 0% used [0x00000000d5b80000,0x00000000d5b80000,0x00000000de280000)
  from space 7168K, 0% used [0x00000000de280000,0x00000000de290000,0x00000000de980000)
  to   space 7168K, 0% used [0x00000000e1100000,0x00000000e1100000,0x00000000e1800000)
 ParOldGen       total 63488K, used 7034K [0x0000000081200000, 0x0000000085000000, 0x00000000d5b80000)
  object space 63488K, 11% used [0x0000000081200000,0x00000000818deba0,0x0000000085000000)
 Metaspace       used 23933K, capacity 24356K, committed 24576K, reserved 1069056K
  class space    used 4232K, capacity 4351K, committed 4352K, reserved 1048576K
}
Event: 5.079 GC heap before
{Heap before GC invocations=13 (full 1):
 PSYoungGen      total 145408K, used 138304K [0x00000000d5b80000, 0x00000000e1800000, 0x0000000100000000)
  eden space 138240K, 100% used [0x00000000d5b80000,0x00000000de280000,0x00000000de280000)
  from space 7168K, 0% used [0x00000000de280000,0x00000000de290000,0x00000000de980000)
  to   space 7168K, 0% used [0x00000000e1100000,0x00000000e1100000,0x00000000e1800000)
 ParOldGen       total 63488K, used 7034K [0x0000000081200000, 0x0000000085000000, 0x00000000d5b80000)
  object space 63488K, 11% used [0x0000000081200000,0x00000000818deba0,0x0000000085000000)
 Metaspace       used 23969K, capacity 24356K, committed 24576K, reserved 1069056K
  class space    used 4232K, capacity 4351K, committed 4352K, reserved 1048576K
Event: 5.080 GC heap after
Heap after GC invocations=13 (full 1):
 PSYoungGen      total 177664K, used 96K [0x00000000d5b80000, 0x00000000e1380000, 0x0000000100000000)
  eden space 175104K, 0% used [0x00000000d5b80000,0x00000000d5b80000,0x00000000e0680000)
  from space 2560K, 3% used [0x00000000e1100000,0x00000000e1118000,0x00000000e1380000)
  to   space 6656K, 0% used [0x00000000e0680000,0x00000000e0680000,0x00000000e0d00000)
 ParOldGen       total 63488K, used 7058K [0x0000000081200000, 0x0000000085000000, 0x00000000d5b80000)
  object space 63488K, 11% used [0x0000000081200000,0x00000000818e4ba0,0x0000000085000000)
 Metaspace       used 23969K, capacity 24356K, committed 24576K, reserved 1069056K
  class space    used 4232K, capacity 4351K, committed 4352K, reserved 1048576K
}
Event: 5.454 GC heap before
{Heap before GC invocations=14 (full 1):
 PSYoungGen      total 177664K, used 175200K [0x00000000d5b80000, 0x00000000e1380000, 0x0000000100000000)
  eden space 175104K, 100% used [0x00000000d5b80000,0x00000000e0680000,0x00000000e0680000)
  from space 2560K, 3% used [0x00000000e1100000,0x00000000e1118000,0x00000000e1380000)
  to   space 6656K, 0% used [0x00000000e0680000,0x00000000e0680000,0x00000000e0d00000)
 ParOldGen       total 63488K, used 7058K [0x0000000081200000, 0x0000000085000000, 0x00000000d5b80000)
  object space 63488K, 11% used [0x0000000081200000,0x00000000818e4ba0,0x0000000085000000)
 Metaspace       used 24088K, capacity 24492K, committed 24576K, reserved 1069056K
  class space    used 4232K, capacity 4351K, committed 4352K, reserved 1048576K
Event: 5.457 GC heap after
Heap after GC invocations=14 (full 1):
 PSYoungGen      total 181760K, used 192K [0x00000000d5b80000, 0x00000000e4000000, 0x0000000100000000)
  eden space 175104K, 0% used [0x00000000d5b80000,0x00000000d5b80000,0x00000000e0680000)
  from space 6656K, 2% used [0x00000000e0680000,0x00000000e06b0000,0x00000000e0d00000)
  to   space 6656K, 0% used [0x00000000e3980000,0x00000000e3980000,0x00000000e4000000)
 ParOldGen       total 63488K, used 7066K [0x0000000081200000, 0x0000000085000000, 0x00000000d5b80000)
  object space 63488K, 11% used [0x0000000081200000,0x00000000818e6ba0,0x0000000085000000)
 Metaspace       used 24088K, capacity 24492K, committed 24576K, reserved 1069056K
  class space    used 4232K, capacity 4351K, committed 4352K, reserved 1048576K
}

Deoptimization events (4 events):
Event: 0.859 Thread 0x00000000028fe800 Uncommon trap: reason=class_check action=maybe_recompile pc=0x0000000002f0aa98 method=java.lang.String.equals(Ljava/lang/Object;)Z @ 8
Event: 0.859 Thread 0x00000000028fe800 Uncommon trap: reason=class_check action=maybe_recompile pc=0x0000000002f0aa98 method=java.lang.String.equals(Ljava/lang/Object;)Z @ 8
Event: 0.859 Thread 0x00000000028fe800 Uncommon trap: reason=class_check action=maybe_recompile pc=0x0000000002f0aa98 method=java.lang.String.equals(Ljava/lang/Object;)Z @ 8
Event: 0.859 Thread 0x00000000028fe800 Uncommon trap: reason=class_check action=maybe_recompile pc=0x0000000002f0aa98 method=java.lang.String.equals(Ljava/lang/Object;)Z @ 8

Internal exceptions (10 events):
Event: 3.087 Thread 0x00000000028fe800 Exception <a 'java/security/PrivilegedActionException'> (0x00000000d66f3510) thrown at [D:\re\workspace\8-2-build-windows-amd64-cygwin\jdk8u20\1074\hotspot\src\share\vm\prims\jvm.cpp, line 1275]
Event: 3.087 Thread 0x00000000028fe800 Exception <a 'java/security/PrivilegedActionException'> (0x00000000d66f8298) thrown at [D:\re\workspace\8-2-build-windows-amd64-cygwin\jdk8u20\1074\hotspot\src\share\vm\prims\jvm.cpp, line 1275]
Event: 3.088 Thread 0x00000000028fe800 Exception <a 'java/security/PrivilegedActionException'> (0x00000000d66fd098) thrown at [D:\re\workspace\8-2-build-windows-amd64-cygwin\jdk8u20\1074\hotspot\src\share\vm\prims\jvm.cpp, line 1275]
Event: 3.089 Thread 0x00000000028fe800 Exception <a 'java/security/PrivilegedActionException'> (0x00000000d6701f10) thrown at [D:\re\workspace\8-2-build-windows-amd64-cygwin\jdk8u20\1074\hotspot\src\share\vm\prims\jvm.cpp, line 1275]
Event: 3.347 Thread 0x00000000028fe800 Exception <a 'java/security/PrivilegedActionException'> (0x00000000d6146420) thrown at [D:\re\workspace\8-2-build-windows-amd64-cygwin\jdk8u20\1074\hotspot\src\share\vm\prims\jvm.cpp, line 1275]
Event: 3.357 Thread 0x00000000028fe800 Exception <a 'java/security/PrivilegedActionException'> (0x00000000d614c938) thrown at [D:\re\workspace\8-2-build-windows-amd64-cygwin\jdk8u20\1074\hotspot\src\share\vm\prims\jvm.cpp, line 1275]
Event: 3.363 Thread 0x00000000028fe800 Exception <a 'java/security/PrivilegedActionException'> (0x00000000d614f060) thrown at [D:\re\workspace\8-2-build-windows-amd64-cygwin\jdk8u20\1074\hotspot\src\share\vm\prims\jvm.cpp, line 1275]
Event: 3.365 Thread 0x00000000028fe800 Exception <a 'java/security/PrivilegedActionException'> (0x00000000d6152140) thrown at [D:\re\workspace\8-2-build-windows-amd64-cygwin\jdk8u20\1074\hotspot\src\share\vm\prims\jvm.cpp, line 1275]
Event: 3.366 Thread 0x00000000028fe800 Exception <a 'java/security/PrivilegedActionException'> (0x00000000d61551f0) thrown at [D:\re\workspace\8-2-build-windows-amd64-cygwin\jdk8u20\1074\hotspot\src\share\vm\prims\jvm.cpp, line 1275]
Event: 3.370 Thread 0x00000000028fe800 Exception <a 'java/security/PrivilegedActionException'> (0x00000000d615e4f0) thrown at [D:\re\workspace\8-2-build-windows-amd64-cygwin\jdk8u20\1074\hotspot\src\share\vm\prims\jvm.cpp, line 1275]

Events (10 events):
Event: 2888.441 Executing VM operation: ChangeBreakpoints
Event: 2888.441 Executing VM operation: ChangeBreakpoints done
Event: 2888.442 Executing VM operation: ChangeBreakpoints
Event: 2888.442 Executing VM operation: ChangeBreakpoints done
Event: 2888.444 Thread 0x00000000178cf800 DEOPT PACKING pc=0x0000000002e84fec sp=0x0000000018f3de90
Event: 2888.444 Thread 0x00000000178cf800 DEOPT UNPACKING pc=0x0000000002d875bf sp=0x0000000018f3dbc8 mode 1
Event: 2888.452 Executing VM operation: ChangeBreakpoints
Event: 2888.453 Executing VM operation: ChangeBreakpoints done
Event: 2888.458 Executing VM operation: ChangeBreakpoints
Event: 2888.459 Executing VM operation: ChangeBreakpoints done


Dynamic libraries:
0x00007ff73cf30000 - 0x00007ff73cf64000 	C:\Program Files\Java\jdk1.8.0_20\bin\java.exe
0x00007ff8120c0000 - 0x00007ff81226a000 	C:\windows\SYSTEM32\ntdll.dll
0x00007ff810430000 - 0x00007ff81056a000 	C:\windows\system32\KERNEL32.DLL
0x00007ff80f830000 - 0x00007ff80f93f000 	C:\windows\system32\KERNELBASE.dll
0x00007ff80d410000 - 0x00007ff80d498000 	C:\windows\system32\apphelp.dll
0x00007ff801370000 - 0x00007ff8013bf000 	C:\windows\AppPatch\AppPatch64\AcGenral.DLL
0x00007ff810240000 - 0x00007ff8102e7000 	C:\windows\system32\msvcrt.dll
0x00007ff80f270000 - 0x00007ff80f29b000 	C:\windows\SYSTEM32\SspiCli.dll
0x00007ff80fb30000 - 0x00007ff80fb81000 	C:\windows\system32\SHLWAPI.dll
0x00007ff811d60000 - 0x00007ff811ed1000 	C:\windows\system32\USER32.dll
0x00007ff811ee0000 - 0x00007ff812058000 	C:\windows\system32\ole32.dll
0x00007ff810700000 - 0x00007ff811b1f000 	C:\windows\system32\SHELL32.dll
0x00007ff80eaa0000 - 0x00007ff80eabe000 	C:\windows\SYSTEM32\USERENV.dll
0x00007ff810180000 - 0x00007ff810225000 	C:\windows\system32\ADVAPI32.dll
0x00007ff800000000 - 0x00007ff80001b000 	C:\windows\SYSTEM32\MPR.dll
0x00007ff8102f0000 - 0x00007ff810427000 	C:\windows\system32\RPCRT4.dll
0x00007ff812060000 - 0x00007ff8120b7000 	C:\windows\SYSTEM32\sechost.dll
0x00007ff80fd90000 - 0x00007ff80ff66000 	C:\windows\SYSTEM32\combase.dll
0x00007ff80fc40000 - 0x00007ff80fd84000 	C:\windows\system32\GDI32.dll
0x00007ff80f430000 - 0x00007ff80f444000 	C:\windows\SYSTEM32\profapi.dll
0x00007ff80c350000 - 0x00007ff80c3ef000 	C:\windows\SYSTEM32\SHCORE.dll
0x00007ff8100d0000 - 0x00007ff810104000 	C:\windows\system32\IMM32.DLL
0x00007ff80ff90000 - 0x00007ff8100c9000 	C:\windows\system32\MSCTF.dll
0x00007ff80bc90000 - 0x00007ff80beea000 	C:\windows\WinSxS\amd64_microsoft.windows.common-controls_6595b64144ccf1df_6.0.9600.17031_none_6242a4b3ecbb55a1\COMCTL32.dll
0x00000000596e0000 - 0x00000000597b2000 	C:\Program Files\Java\jdk1.8.0_20\jre\bin\msvcr100.dll
0x0000000058710000 - 0x0000000058f68000 	C:\Program Files\Java\jdk1.8.0_20\jre\bin\server\jvm.dll
0x00007ff80cf60000 - 0x00007ff80cf69000 	C:\windows\SYSTEM32\WSOCK32.dll
0x00007ffffff10000 - 0x00007ffffff2f000 	C:\windows\SYSTEM32\WINMM.dll
0x00007ff810230000 - 0x00007ff810237000 	C:\windows\system32\PSAPI.DLL
0x00007ff8106a0000 - 0x00007ff8106f8000 	C:\windows\system32\WS2_32.dll
0x00007ffffd610000 - 0x00007ffffd63a000 	C:\windows\SYSTEM32\WINMMBASE.dll
0x00007ff810570000 - 0x00007ff810579000 	C:\windows\system32\NSI.dll
0x00007ff80f600000 - 0x00007ff80f64a000 	C:\windows\SYSTEM32\cfgmgr32.dll
0x00007ff80e2c0000 - 0x00007ff80e2e6000 	C:\windows\SYSTEM32\DEVOBJ.dll
0x00000000596d0000 - 0x00000000596df000 	C:\Program Files\Java\jdk1.8.0_20\jre\bin\verify.dll
0x00000000596a0000 - 0x00000000596c8000 	C:\Program Files\Java\jdk1.8.0_20\jre\bin\java.dll
0x0000000058690000 - 0x00000000586c5000 	C:\Program Files\Java\jdk1.8.0_20\jre\bin\jdwp.dll
0x0000000058680000 - 0x0000000058688000 	C:\Program Files\Java\jdk1.8.0_20\jre\bin\npt.dll
0x0000000058650000 - 0x0000000058673000 	C:\Program Files\Java\jdk1.8.0_20\jre\bin\instrument.dll
0x0000000059680000 - 0x0000000059696000 	C:\Program Files\Java\jdk1.8.0_20\jre\bin\zip.dll
0x0000000058640000 - 0x0000000058649000 	C:\Program Files\Java\jdk1.8.0_20\jre\bin\dt_socket.dll
0x00007ff80ecf0000 - 0x00007ff80ed48000 	C:\windows\system32\mswsock.dll
0x00000000584a0000 - 0x0000000058638000 	C:\Program Files\Java\jdk1.8.0_20\jre\bin\awt.dll
0x00007ff8105e0000 - 0x00007ff810697000 	C:\windows\system32\OLEAUT32.dll
0x00007ff80e130000 - 0x00007ff80e251000 	C:\windows\system32\uxtheme.dll
0x00007ffffe3a0000 - 0x00007ffffe438000 	C:\Program Files\Common Files\microsoft shared\ink\tiptsf.dll
0x00007ff80c180000 - 0x00007ff80c1a0000 	C:\windows\system32\dwmapi.dll
0x00007ff80e2b0000 - 0x00007ff80e2ba000 	C:\windows\SYSTEM32\kernel.appcore.dll
0x00007ff80f300000 - 0x00007ff80f30a000 	C:\windows\SYSTEM32\CRYPTBASE.dll
0x00007ff80f2a0000 - 0x00007ff80f300000 	C:\windows\SYSTEM32\bcryptPrimitives.dll
0x0000000058450000 - 0x0000000058497000 	C:\Program Files\Java\jdk1.8.0_20\jre\bin\fontmanager.dll
0x00007ffff11b0000 - 0x00007ffff13b8000 	C:\windows\system32\d3d9.dll
0x00007ff807300000 - 0x00007ff80730a000 	C:\windows\SYSTEM32\VERSION.dll
0x00007fffe5590000 - 0x00007fffe6e6c000 	C:\windows\SYSTEM32\igdumdim64.dll
0x00007ff80b740000 - 0x00007ff80bb92000 	C:\windows\SYSTEM32\igdusc64.dll
0x00000000586f0000 - 0x000000005870a000 	C:\Program Files\Java\jdk1.8.0_20\jre\bin\net.dll
0x00000000586d0000 - 0x00000000586e1000 	C:\Program Files\Java\jdk1.8.0_20\jre\bin\nio.dll
0x0000000058200000 - 0x0000000058241000 	C:\Program Files\Java\jdk1.8.0_20\jre\bin\t2k.dll
0x00007ff80fb90000 - 0x00007ff80fc34000 	C:\windows\SYSTEM32\clbcatq.dll
0x00007ff80df50000 - 0x00007ff80e0e3000 	C:\windows\SYSTEM32\WindowsCodecs.dll
0x00007ff80ed50000 - 0x00007ff80ed6e000 	C:\windows\SYSTEM32\CRYPTSP.dll
0x00007ff80e990000 - 0x00007ff80e9c5000 	C:\windows\system32\rsaenh.dll
0x00007ff80ef80000 - 0x00007ff80efa6000 	C:\windows\SYSTEM32\bcrypt.dll
0x00007ff80b2a0000 - 0x00007ff80b303000 	C:\windows\SYSTEM32\oleacc.dll
0x0000000058420000 - 0x000000005844a000 	C:\Program Files\Java\jdk1.8.0_20\jre\bin\dcpr.dll
0x0000000180000000 - 0x0000000180055000 	C:\Program Files (x86)\DisplayFusion\Hooks\AppHookWIN6064_478A7626-288C-4AAC-8482-1205905B5543.dll
0x00007ff80ca10000 - 0x00007ff80ca39000 	C:\windows\SYSTEM32\IPHLPAPI.DLL
0x00007ff80ca00000 - 0x00007ff80ca0a000 	C:\windows\SYSTEM32\WINNSI.DLL
0x00007ff80a620000 - 0x00007ff80a634000 	C:\windows\SYSTEM32\dhcpcsvc6.DLL
0x00007ff80a6f0000 - 0x00007ff80a709000 	C:\windows\SYSTEM32\dhcpcsvc.DLL
0x0000000065340000 - 0x0000000065351000 	C:\Users\Patrick\AppData\Local\Temp\jffi126238011875165100.tmp
0x00007ff80d610000 - 0x00007ff80d798000 	C:\windows\SYSTEM32\dbghelp.dll

VM Arguments:
jvm_args: -agentlib:jdwp=transport=dt_socket,address=127.0.0.1:65001,suspend=y,server=n -javaagent:C:\Users\Patrick\.IntelliJIdea14\system\groovyHotSwap\gragent.jar -Dfile.encoding=UTF-8 
java_command: ai.AIMain
java_class_path (initial): C:\Program Files\Java\jdk1.8.0_20\jre\lib\charsets.jar;C:\Program Files\Java\jdk1.8.0_20\jre\lib\deploy.jar;C:\Program Files\Java\jdk1.8.0_20\jre\lib\javaws.jar;C:\Program Files\Java\jdk1.8.0_20\jre\lib\jce.jar;C:\Program Files\Java\jdk1.8.0_20\jre\lib\jfr.jar;C:\Program Files\Java\jdk1.8.0_20\jre\lib\jfxswt.jar;C:\Program Files\Java\jdk1.8.0_20\jre\lib\jsse.jar;C:\Program Files\Java\jdk1.8.0_20\jre\lib\management-agent.jar;C:\Program Files\Java\jdk1.8.0_20\jre\lib\plugin.jar;C:\Program Files\Java\jdk1.8.0_20\jre\lib\resources.jar;C:\Program Files\Java\jdk1.8.0_20\jre\lib\rt.jar;C:\Program Files\Java\jdk1.8.0_20\jre\lib\ext\access-bridge-64.jar;C:\Program Files\Java\jdk1.8.0_20\jre\lib\ext\cldrdata.jar;C:\Program Files\Java\jdk1.8.0_20\jre\lib\ext\dnsns.jar;C:\Program Files\Java\jdk1.8.0_20\jre\lib\ext\jaccess.jar;C:\Program Files\Java\jdk1.8.0_20\jre\lib\ext\jfxrt.jar;C:\Program Files\Java\jdk1.8.0_20\jre\lib\ext\localedata.jar;C:\Program Files\Java\jdk1.8.0_20\jre\lib\ext\nashorn.jar;C:\Program Files\Java\jdk1.8.0_20\jre\lib\ext\sunec.jar;C:\Program Files\Java\jdk1.8.0_20\jre\lib\ext\sunjce_provider.jar;C:\Program Files\Java\jdk1.8.0_20\jre\lib\ext\sunmscapi.jar;C:\Program Files\Java\jdk1.8.0_20\jre\lib\ext\sunpkcs11.jar;C:\Program Files\Java\jdk1.8.0_20\jre\lib\ext\zipfs.jar;C:\Dropbox\code\projects\ai_prog\build\classes\main;C:\Users\Patrick\.gradle\caches\modules-2\files-2.1\joda-time\joda-time\2.3\56498efd17752898cfcc3868c1b6211a07b12b8f\joda-time-2.3.jar;C:\Users\Patrick\.gradle\caches\modules-2\files-2.1\org.python\jython-standalone\2.5.2\3f29363b2765cab6a390fd96e2939c88926b913\jython-standalone-2.5.2.jar;C:\Program Files (x86)\JetBrains\IntelliJ IDEA 138.1980.1\lib\idea_rt.jar;C:\Users\Patrick\.IntelliJIdea14\system\groovyHotSwap\gragent.jar
Launcher Type: SUN_STANDARD

Environment Variables:
PATH=C:\ProgramData\Oracle\Java\javapath;C:\Program Files\ImageMagick-6.8.9-Q16;C:\windows\system32;C:\windows;C:\windows\System32\Wbem;C:\windows\System32\WindowsPowerShell\v1.0\;C:\Program Files\MATLAB\R2013a\bin;C:\Program Files (x86)\nodejs\;c:\python27\;C:\Ruby200-x64\bin;C:\Users\Patrick\AppData\Roaming\npm;C:\Program Files\Nodejs\node.exe;C:\Program Files\Nodejs\npm.cmd
USERNAME=Patrick
OS=Windows_NT
PROCESSOR_IDENTIFIER=Intel64 Family 6 Model 69 Stepping 1, GenuineIntel



---------------  S Y S T E M  ---------------

OS: Windows 8.1 , 64 bit Build 9600 

CPU:total 4 (2 cores per cpu, 2 threads per core) family 6 model 69 stepping 1, cmov, cx8, fxsr, mmx, sse, sse2, sse3, ssse3, sse4.1, sse4.2, popcnt, avx, avx2, aes, clmul, erms, lzcnt, ht, tsc, tscinvbit, bmi1, bmi2

Memory: 4k page, physical 8306760k(3818260k free), swap 16695368k(9255336k free)

vm_info: Java HotSpot(TM) 64-Bit Server VM (25.20-b23) for windows-amd64 JRE (1.8.0_20-b26), built on Jul 30 2014 13:51:23 by "java_re" with MS VC++ 10.0 (VS2010)

time: Thu Sep 18 10:59:02 2014
elapsed time: 2970 seconds (0d 0h 49m 30s)

